  Main.c
C:\C프로그래밍및실습\학사정보정의\Main.c(59,16): warning C4477: 'printf' : 서식 문자열 '%20s'에 'char *' 형식의 인수가 필요하지만 variadic 인수 1의 형식이 '수강과목정보'입니다.
C:\C프로그래밍및실습\학사정보정의\Main.c(75,9): warning C4013: 'exit'이(가) 정의되지 않았습니다. extern은 int형을 반환하는 것으로 간주합니다.
C:\C프로그래밍및실습\학사정보정의\Main.c(68,10): warning C4996: 'fopen': This function or variable may be unsafe. Consider using fopen_s instead. To disable deprecation, use _CRT_SECURE_NO_WARNINGS. See online help for details.
C:\C프로그래밍및실습\학사정보정의\Main.c(78,5): warning C4996: 'scanf': This function or variable may be unsafe. Consider using scanf_s instead. To disable deprecation, use _CRT_SECURE_NO_WARNINGS. See online help for details.
C:\C프로그래밍및실습\학사정보정의\Main.c(84,9): warning C4996: 'fscanf': This function or variable may be unsafe. Consider using fscanf_s instead. To disable deprecation, use _CRT_SECURE_NO_WARNINGS. See online help for details.
C:\C프로그래밍및실습\학사정보정의\Main.c(85,9): warning C4996: 'fscanf': This function or variable may be unsafe. Consider using fscanf_s instead. To disable deprecation, use _CRT_SECURE_NO_WARNINGS. See online help for details.
C:\C프로그래밍및실습\학사정보정의\Main.c(86,9): warning C4996: 'fscanf': This function or variable may be unsafe. Consider using fscanf_s instead. To disable deprecation, use _CRT_SECURE_NO_WARNINGS. See online help for details.
C:\C프로그래밍및실습\학사정보정의\Main.c(87,9): warning C4996: 'fscanf': This function or variable may be unsafe. Consider using fscanf_s instead. To disable deprecation, use _CRT_SECURE_NO_WARNINGS. See online help for details.
C:\C프로그래밍및실습\학사정보정의\Main.c(90,9): warning C4996: 'fscanf': This function or variable may be unsafe. Consider using fscanf_s instead. To disable deprecation, use _CRT_SECURE_NO_WARNINGS. See online help for details.
C:\C프로그래밍및실습\학사정보정의\Main.c(91,9): warning C4996: 'fscanf': This function or variable may be unsafe. Consider using fscanf_s instead. To disable deprecation, use _CRT_SECURE_NO_WARNINGS. See online help for details.
C:\C프로그래밍및실습\학사정보정의\Main.c(92,9): warning C4996: 'fscanf': This function or variable may be unsafe. Consider using fscanf_s instead. To disable deprecation, use _CRT_SECURE_NO_WARNINGS. See online help for details.
C:\C프로그래밍및실습\학사정보정의\Main.c(95,9): warning C4996: 'fscanf': This function or variable may be unsafe. Consider using fscanf_s instead. To disable deprecation, use _CRT_SECURE_NO_WARNINGS. See online help for details.
C:\C프로그래밍및실습\학사정보정의\Main.c(98,9): warning C4996: 'fscanf': This function or variable may be unsafe. Consider using fscanf_s instead. To disable deprecation, use _CRT_SECURE_NO_WARNINGS. See online help for details.
C:\C프로그래밍및실습\학사정보정의\Main.c(99,9): warning C4996: 'fscanf': This function or variable may be unsafe. Consider using fscanf_s instead. To disable deprecation, use _CRT_SECURE_NO_WARNINGS. See online help for details.
C:\C프로그래밍및실습\학사정보정의\Main.c(100,9): warning C4996: 'fscanf': This function or variable may be unsafe. Consider using fscanf_s instead. To disable deprecation, use _CRT_SECURE_NO_WARNINGS. See online help for details.
C:\C프로그래밍및실습\학사정보정의\Main.c(136,50): warning C4047: '함수': 'int'의 간접 참조 수준이 'int *'과(와) 다릅니다.
C:\C프로그래밍및실습\학사정보정의\Main.c(136,41): warning C4024: '출력하기': 형식 및 실제 매개 변수 2의 형식이 서로 다릅니다.
C:\C프로그래밍및실습\학사정보정의\Main.c(130,9): warning C4996: 'scanf': This function or variable may be unsafe. Consider using scanf_s instead. To disable deprecation, use _CRT_SECURE_NO_WARNINGS. See online help for details.
C:\C프로그래밍및실습\학사정보정의\Main.c(123,6): warning C4101: 'i' :참조되지 않은 지역 변수입니다.
  학사정보정의.vcxproj -> C:\C프로그래밍및실습\x64\Debug\학사정보정의.exe
