  Main.c
C:\C프로그래밍및실습\배틀\Main.c(45,15): warning C4047: '=': 'Bullet *'의 간접 참조 수준이 'Bullet ***'과(와) 다릅니다.
C:\C프로그래밍및실습\배틀\Main.c(47,15): warning C4047: '=': 'Bullet *'의 간접 참조 수준이 'Bullet (*)[3]'과(와) 다릅니다.
C:\C프로그래밍및실습\배틀\Main.c(49,16): warning C4047: '=': 'Bullet *'의 간접 참조 수준이 'Bullet (*)[30]'과(와) 다릅니다.
C:\C프로그래밍및실습\배틀\Main.c(52,8): warning C4244: '함수': 'time_t'에서 'unsigned int'(으)로 변환하면서 데이터가 손실될 수 있습니다.
C:\C프로그래밍및실습\배틀\Main.c(22,6): warning C4101: 'r' :참조되지 않은 지역 변수입니다.
  기본함수들.c
C:\C프로그래밍및실습\배틀\기본함수들.c(30,32): warning C4133: '함수': 'char *'과(와) 'LPCWSTR' 사이의 형식이 호환되지 않습니다.
C:\C프로그래밍및실습\배틀\기본함수들.c(60,2): warning C4996: 'sprintf': This function or variable may be unsafe. Consider using sprintf_s instead. To disable deprecation, use _CRT_SECURE_NO_WARNINGS. See online help for details.
  배틀함수.c
C:\C프로그래밍및실습\배틀\배틀함수.c(32,8): warning C4244: '함수': 'time_t'에서 'unsigned int'(으)로 변환하면서 데이터가 손실될 수 있습니다.
  씬.c
C:\C프로그래밍및실습\배틀\씬.c(70,3): warning C4996: 'scanf': This function or variable may be unsafe. Consider using scanf_s instead. To disable deprecation, use _CRT_SECURE_NO_WARNINGS. See online help for details.
  파일함수.c
C:\C프로그래밍및실습\배틀\파일함수.c(10,14): warning C4996: 'fopen': This function or variable may be unsafe. Consider using fopen_s instead. To disable deprecation, use _CRT_SECURE_NO_WARNINGS. See online help for details.
C:\C프로그래밍및실습\배틀\파일함수.c(21,3): warning C4996: 'fscanf': This function or variable may be unsafe. Consider using fscanf_s instead. To disable deprecation, use _CRT_SECURE_NO_WARNINGS. See online help for details.
C:\C프로그래밍및실습\배틀\파일함수.c(22,3): warning C4996: 'fscanf': This function or variable may be unsafe. Consider using fscanf_s instead. To disable deprecation, use _CRT_SECURE_NO_WARNINGS. See online help for details.
C:\C프로그래밍및실습\배틀\파일함수.c(34,14): warning C4996: 'fopen': This function or variable may be unsafe. Consider using fopen_s instead. To disable deprecation, use _CRT_SECURE_NO_WARNINGS. See online help for details.
  코드를 생성하고 있습니다...
  배틀.vcxproj -> C:\C프로그래밍및실습\x64\Debug\배틀.exe
